<?xml version="1.0" encoding="UTF-8"?>
<!-- Generated by org.testng.reporters.JUnitXMLReporter -->
<testsuite hostname="Sergey-MacBook-Pro.local" name="Test1" tests="3" failures="0" timestamp="12 Jul 2015 03:10:06 GMT" time="11.88" errors="0">
  <testcase name="testLogin" time="1.271" classname="ru.st.selenium.Login"/>
  <testcase name="testAddMovie" time="1.133" classname="ru.st.selenium.AddMovie"/>
  <testcase name="testRemoveAndLogout" time="2.34" classname="ru.st.selenium.RemoveAndLogout"/>
</testsuite> <!-- Test1 -->
