<?xml version="1.0" encoding="UTF-8"?>
<!-- Generated by org.testng.reporters.JUnitXMLReporter -->
<testsuite hostname="Sergey-MacBook-Pro.local" name="Test1" tests="3" failures="0" timestamp="12 Jul 2015 03:05:25 GMT" time="13.06" errors="0">
  <testcase name="testLogin" time="1.512" classname="ru.st.selenium.Login"/>
  <testcase name="testAddMovie" time="1.419" classname="ru.st.selenium.AddMovie"/>
  <testcase name="testRemoveAndLogout" time="2.16" classname="ru.st.selenium.RemoveAndLogout"/>
</testsuite> <!-- Test1 -->
