<?xml version="1.0" encoding="UTF-8"?>
<testng-results skipped="3" failed="0" total="3" passed="0">
  <reporter-output>
  </reporter-output>
  <suite name="Tests" duration-ms="193" started-at="2015-07-12T03:18:58Z" finished-at="2015-07-12T03:18:58Z">
    <groups>
    </groups>
    <test name="Test1" duration-ms="193" started-at="2015-07-12T03:18:58Z" finished-at="2015-07-12T03:18:58Z">
      <class name="ru.st.selenium.AddMovie">
        <test-method status="SKIP" signature="init()[pri:0, instance:ru.st.selenium.AddMovie@6442b0a6]" name="init" is-config="true" duration-ms="0" started-at="2015-07-12T09:18:58Z" finished-at="2015-07-12T09:18:58Z">
          <reporter-output>
          </reporter-output>
        </test-method> <!-- init -->
        <test-method status="SKIP" signature="testAddMovie()[pri:0, instance:ru.st.selenium.AddMovie@6442b0a6]" name="testAddMovie" duration-ms="0" started-at="2015-07-12T09:18:58Z" finished-at="2015-07-12T09:18:58Z">
          <reporter-output>
          </reporter-output>
        </test-method> <!-- testAddMovie -->
      </class> <!-- ru.st.selenium.AddMovie -->
      <class name="ru.st.selenium.RemoveAndLogout">
        <test-method status="SKIP" signature="init()[pri:0, instance:ru.st.selenium.RemoveAndLogout@4411d970]" name="init" is-config="true" duration-ms="0" started-at="2015-07-12T09:18:58Z" finished-at="2015-07-12T09:18:58Z">
          <reporter-output>
          </reporter-output>
        </test-method> <!-- init -->
        <test-method status="SKIP" signature="testRemoveAndLogout()[pri:0, instance:ru.st.selenium.RemoveAndLogout@4411d970]" name="testRemoveAndLogout" duration-ms="0" started-at="2015-07-12T09:18:58Z" finished-at="2015-07-12T09:18:58Z">
          <reporter-output>
          </reporter-output>
        </test-method> <!-- testRemoveAndLogout -->
      </class> <!-- ru.st.selenium.RemoveAndLogout -->
      <class name="ru.st.selenium.Login">
        <test-method status="FAIL" signature="init()[pri:0, instance:ru.st.selenium.Login@5b464ce8]" name="init" is-config="true" duration-ms="0" started-at="2015-07-12T09:18:58Z" finished-at="2015-07-12T09:18:58Z">
          <exception class="java.lang.IllegalStateException">
            <message>
              <![CDATA[The path to the driver executable must be set by the webdriver.chrome.driver system property; for more information, see https://github.com/SeleniumHQ/selenium/wiki/ChromeDriver. The latest version can be downloaded from http://chromedriver.storage.googleapis.com/index.html]]>
            </message>
            <full-stacktrace>
              <![CDATA[java.lang.IllegalStateException: The path to the driver executable must be set by the webdriver.chrome.driver system property; for more information, see https://github.com/SeleniumHQ/selenium/wiki/ChromeDriver. The latest version can be downloaded from http://chromedriver.storage.googleapis.com/index.html
	at com.google.common.base.Preconditions.checkState(Preconditions.java:197)
	at org.openqa.selenium.remote.service.DriverService.findExecutable(DriverService.java:109)
	at org.openqa.selenium.chrome.ChromeDriverService.access$000(ChromeDriverService.java:32)
	at org.openqa.selenium.chrome.ChromeDriverService$Builder.findDefaultExecutable(ChromeDriverService.java:137)
	at org.openqa.selenium.remote.service.DriverService$Builder.build(DriverService.java:290)
	at org.openqa.selenium.chrome.ChromeDriverService.createDefaultService(ChromeDriverService.java:88)
	at org.openqa.selenium.chrome.ChromeDriver.<init>(ChromeDriver.java:138)
	at ru.stqa.selenium.factory.WebDriverFactoryInternal.createLocalDriver(WebDriverFactoryInternal.java:78)
	at ru.stqa.selenium.factory.WebDriverFactoryInternal.newDriver(WebDriverFactoryInternal.java:58)
	at ru.stqa.selenium.factory.ThreadLocalSingletonStorage.createNewDriver(ThreadLocalSingletonStorage.java:91)
	at ru.stqa.selenium.factory.ThreadLocalSingletonStorage.getDriver(ThreadLocalSingletonStorage.java:36)
	at ru.stqa.selenium.factory.WebDriverFactoryInternal.getDriver(WebDriverFactoryInternal.java:49)
	at ru.stqa.selenium.factory.WebDriverFactory.getDriver(WebDriverFactory.java:39)
	at ru.st.selenium.TestBase.init(TestBase.java:42)
	at sun.reflect.NativeMethodAccessorImpl.invoke0(Native Method)
	at sun.reflect.NativeMethodAccessorImpl.invoke(NativeMethodAccessorImpl.java:62)
	at sun.reflect.DelegatingMethodAccessorImpl.invoke(DelegatingMethodAccessorImpl.java:43)
	at java.lang.reflect.Method.invoke(Method.java:497)
	at org.testng.internal.MethodInvocationHelper.invokeMethod(MethodInvocationHelper.java:85)
	at org.testng.internal.Invoker.invokeConfigurationMethod(Invoker.java:517)
	at org.testng.internal.Invoker.invokeConfigurations(Invoker.java:213)
	at org.testng.internal.Invoker.invokeConfigurations(Invoker.java:140)
	at org.testng.internal.TestMethodWorker.invokeBeforeClassMethods(TestMethodWorker.java:170)
	at org.testng.internal.TestMethodWorker.run(TestMethodWorker.java:104)
	at org.testng.TestRunner.privateRun(TestRunner.java:771)
	at org.testng.TestRunner.run(TestRunner.java:621)
	at org.testng.SuiteRunner.runTest(SuiteRunner.java:357)
	at org.testng.SuiteRunner.runSequentially(SuiteRunner.java:352)
	at org.testng.SuiteRunner.privateRun(SuiteRunner.java:310)
	at org.testng.SuiteRunner.run(SuiteRunner.java:259)
	at org.testng.SuiteRunnerWorker.runSuite(SuiteRunnerWorker.java:52)
	at org.testng.SuiteRunnerWorker.run(SuiteRunnerWorker.java:86)
	at org.testng.TestNG.runSuitesSequentially(TestNG.java:1199)
	at org.testng.TestNG.runSuitesLocally(TestNG.java:1124)
	at org.testng.TestNG.run(TestNG.java:1032)
	at org.apache.maven.surefire.testng.TestNGExecutor.run(TestNGExecutor.java:217)
	at org.apache.maven.surefire.testng.TestNGXmlTestSuite.execute(TestNGXmlTestSuite.java:84)
	at org.apache.maven.surefire.testng.TestNGProvider.invoke(TestNGProvider.java:92)
	at org.apache.maven.surefire.booter.ForkedBooter.invokeProviderInSameClassLoader(ForkedBooter.java:200)
	at org.apache.maven.surefire.booter.ForkedBooter.runSuitesInProcess(ForkedBooter.java:153)
	at org.apache.maven.surefire.booter.ForkedBooter.main(ForkedBooter.java:103)
]]>
            </full-stacktrace>
          </exception> <!-- java.lang.IllegalStateException -->
          <reporter-output>
          </reporter-output>
        </test-method> <!-- init -->
        <test-method status="SKIP" signature="testLogin()[pri:0, instance:ru.st.selenium.Login@5b464ce8]" name="testLogin" duration-ms="1" started-at="2015-07-12T09:18:58Z" finished-at="2015-07-12T09:18:58Z">
          <reporter-output>
          </reporter-output>
        </test-method> <!-- testLogin -->
        <test-method status="PASS" signature="tearDown()[pri:0, instance:ru.st.selenium.Login@5b464ce8]" name="tearDown" is-config="true" duration-ms="0" started-at="2015-07-12T09:18:58Z" finished-at="2015-07-12T09:18:58Z">
          <reporter-output>
          </reporter-output>
        </test-method> <!-- tearDown -->
      </class> <!-- ru.st.selenium.Login -->
    </test> <!-- Test1 -->
  </suite> <!-- Tests -->
</testng-results>
